<?xml version="1.0" encoding="UTF-8"?>
<testng-results skipped="0" failed="0" ignored="0" total="1" passed="1">
  <reporter-output>
  </reporter-output>
  <suite name="Default suite" duration-ms="31554" started-at="2019-06-11T10:10:31Z" finished-at="2019-06-11T10:11:02Z">
    <groups>
    </groups>
    <test name="Default test" duration-ms="31554" started-at="2019-06-11T10:10:31Z" finished-at="2019-06-11T10:11:02Z">
      <class name="sampleWorkflow.TeamCity_build">
        <test-method status="PASS" signature="setUp()[pri:0, instance:sampleWorkflow.TeamCity_build@77ec78b9]" name="setUp" is-config="true" duration-ms="21694" started-at="2019-06-11T10:10:31Z" finished-at="2019-06-11T10:10:52Z">
          <reporter-output>
          </reporter-output>
        </test-method> <!-- setUp -->
        <test-method status="PASS" signature="autoComplete()[pri:0, instance:sampleWorkflow.TeamCity_build@77ec78b9]" name="autoComplete" duration-ms="8845" started-at="2019-06-11T10:10:52Z" finished-at="2019-06-11T10:11:01Z">
          <reporter-output>
          </reporter-output>
        </test-method> <!-- autoComplete -->
        <test-method status="PASS" signature="tearDown()[pri:0, instance:sampleWorkflow.TeamCity_build@77ec78b9]" name="tearDown" is-config="true" duration-ms="963" started-at="2019-06-11T10:11:01Z" finished-at="2019-06-11T10:11:02Z">
          <reporter-output>
          </reporter-output>
        </test-method> <!-- tearDown -->
      </class> <!-- sampleWorkflow.TeamCity_build -->
    </test> <!-- Default test -->
  </suite> <!-- Default suite -->
</testng-results>
